2014-09-19 17:10:08: serverdb.ahkhinmat.goodsync is on local network, trying direct connect at 192.168.1.200:33333
2014-09-19 17:10:08: -- hoadon: ANALYSIS started by User on 'TAMINHKHALAP' (GoodSync 9.8.1.1)
2014-09-19 17:10:08: gstp://serverdb.ahkhinmat.goodsync/file:///D:/xampp/htdocs/giaidoan2/modules/vienphi/hoadon [TmpDest] <=PropDels= D:\xampp\htdocs\giaidoan2\modules\vienphi\hoadon (D:/xampp/htdocs/giaidoan2/modules/vienphi/hoadon) [TmpDest], ReconnectSecs=120
2014-09-19 17:10:08: L: Files: 12 (excluded ). Folders:  (excluded 1). SERVERDB D: NTFS, Free: 57,1 GB, Total: 132 GB
2014-09-19 17:10:08: R: Files: 12 (excluded ). Folders:  (excluded 1). D: NTFS, Free: 117 GB, Total: 166 GB
2014-09-19 17:10:08: Changes: 1, Conflicts: , CopyTime: , CopyState: /, Errors: 
2014-09-19 17:10:08: Right to Left: Copy File: 1 
2014-09-19 17:10:08: -- Analysis Completed. Time 00:00:02, Speed: 6 files/s
2014-09-19 17:10:08: 
2014-09-19 17:10:30: [connecting mediator.goodsync.com:80]: Time out
2014-09-19 17:10:30: Cannot connect to gstp://serverdb.ahkhinmat.goodsync/file:///D:/xampp/htdocs/giaidoan2/modules/vienphi/hoadon: Cannot find computer 'serverdb' of user 'ahkhinmat' locally; cannot connect to Mediator: [connecting mediator.goodsync.com:80]: Time out
2014-09-19 17:10:30: 
2014-09-19 17:10:39: serverdb.ahkhinmat.goodsync is on local network, trying direct connect at 192.168.1.200:33333
2014-09-19 17:10:39: == hoadon: SYNC started by User on 'TAMINHKHALAP'
2014-09-19 17:10:39: gstp://serverdb.ahkhinmat.goodsync/file:///D:/xampp/htdocs/giaidoan2/modules/vienphi/hoadon [TmpDest] <=PropDels= D:\xampp\htdocs\giaidoan2\modules\vienphi\hoadon (D:/xampp/htdocs/giaidoan2/modules/vienphi/hoadon) [TmpDest], ReconnectSecs=120
2014-09-19 17:10:39: Copy Over 'D:/xampp/htdocs/giaidoan2/modules/vienphi/hoadon/index.php' -> 'gstp://serverdb.ahkhinmat.goodsync/file:///D:/xampp/htdocs/giaidoan2/modules/vienphi/hoadon/index.php'
2014-09-19 17:10:39: Save State File gstp://serverdb.ahkhinmat.goodsync/file:///D:/xampp/htdocs/giaidoan2/modules/vienphi/hoadon/_gsdata_/_file_state_v4._gs
2014-09-19 17:10:39: Save State File D:/xampp/htdocs/giaidoan2/modules/vienphi/hoadon/_gsdata_/_file_state_v4._gs
2014-09-19 17:10:39: Items Synced OK: 1, Errors: 
2014-09-19 17:10:39: == Sync Completed. Time: 00:00:04, Speed: 8,80 KB/s
2014-09-19 17:10:39: 
